--- START CREATE ---
1. Calling create_experience
2. create_experience succeeded. id=113
3. Calling detect_emotions
4. detect_emotions succeeded: {'primary': 'resilience', 'secondary': ['growth'], 'confidence': 0.55}
5. Calling generate_wisdom
6. generate_wisdom succeeded
7. Calling index_experience
8. index_experience succeeded, doc_id=113
9. Returning experience response
--- START CREATE ---
1. Calling create_experience
2. create_experience succeeded. id=114
3. Calling detect_emotions
4. detect_emotions succeeded: {'primary': 'resilience', 'secondary': ['growth'], 'confidence': 0.55}
5. Calling generate_wisdom
6. generate_wisdom succeeded
7. Calling index_experience
8. index_experience succeeded, doc_id=114
9. Returning experience response
